Unity Editor version:    6000.3.6f1 (bbb010bdb8a3)
Branch:                  6000.3/respin/6000.3.6f1-732c1ec89f18
Build type:              Release
Batch mode:              YES
macOS version:           Version 14.4.1 (Build 23E224)
Darwin version:          23.4.0
Architecture:            x86_64
Running under Rosetta:   NO
Available memory:        16384 MB
Date:                    2026-02-06T00:47:35Z
[Licensing::Module] Trying to connect to existing licensing client channel...
[Licensing::IpcConnector] Successfully connected to: "LicenseClient-grasscopper" at "2026-02-06T00:47:35.833902Z"

COMMAND LINE ARGUMENTS:
/Applications/Unity/Hub/Editor/6000.3.6f1/Unity.app/Contents/MacOS/Unity
-adb2
-batchMode
-noUpm
-name
AssetImportWorker2
-projectPath
/Users/grasscopper/Downloads/HaldomV2/haldom
-logFile
Logs/AssetImportWorker2.log
-srvPort
52664
-licensingIpc
LicenseClient-grasscopper
-job-worker-count
5
-background-job-worker-count
8
-gc-helper-count
1
-name AssetImport
Successfully changed project path to: /Users/grasscopper/Downloads/HaldomV2/haldom
/Users/grasscopper/Downloads/HaldomV2/haldom
[UnityMemory] Configuration Parameters - Can be set up in boot.config
    "memorysetup-allocator-temp-initial-block-size-main=262144"
    "memorysetup-allocator-temp-initial-block-size-worker=262144"
    "memorysetup-temp-allocator-size-background-worker=32768"
    "memorysetup-temp-allocator-size-job-worker=262144"
    "memorysetup-temp-allocator-size-preload-manager=33554432"
    "memorysetup-temp-allocator-size-nav-mesh-worker=65536"
    "memorysetup-temp-allocator-size-audio-worker=65536"
    "memorysetup-temp-allocator-size-cloud-worker=32768"
    "memorysetup-temp-allocator-size-gi-baking-worker=262144"
    "memorysetup-temp-allocator-size-gi-baking-worker=262144"
    "memorysetup-temp-allocator-size-gi-baking-worker=262144"
    "memorysetup-temp-allocator-size-gi-baking-worker=262144"
    "memorysetup-temp-allocator-size-gi-baking-worker=262144"
    "memorysetup-bucket-allocator-granularity=16"
    "memorysetup-bucket-allocator-bucket-count=8"
    "memorysetup-bucket-allocator-block-size=33554432"
    "memorysetup-bucket-allocator-block-count=8"
    "memorysetup-main-allocator-block-size=16777216"
    "memorysetup-thread-allocator-block-size=16777216"
    "memorysetup-gfx-main-allocator-block-size=16777216"
    "memorysetup-gfx-thread-allocator-block-size=16777216"
    "memorysetup-cache-allocator-block-size=4194304"
    "memorysetup-typetree-allocator-block-size=2097152"
    "memorysetup-profiler-bucket-allocator-granularity=16"
    "memorysetup-profiler-bucket-allocator-bucket-count=8"
    "memorysetup-profiler-bucket-allocator-block-size=33554432"
    "memorysetup-profiler-bucket-allocator-block-count=8"
    "memorysetup-profiler-allocator-block-size=16777216"
    "memorysetup-profiler-editor-allocator-block-size=1048576"
    "memorysetup-temp-allocator-size-main=16777216"
    "memorysetup-job-temp-allocator-block-size=2097152"
    "memorysetup-job-temp-allocator-block-size-background=1048576"
    "memorysetup-job-temp-allocator-reduction-small-platforms=262144"
    "memorysetup-temp-allocator-size-gfx=262144"
Player connection [140704430792960]  Target information:

Player connection [140704430792960]  * "[IP] 10.0.0.208 [Port] 0 [Flags] 2 [Guid] 3167916984 [EditorId] 3167916984 [Version] 1048832 [Id] OSXEditor(0,Kingdom.local) [Debug] 1 [PackageName] OSXEditor [ProjectName] Editor" 

Player connection [140704430792960] Host joined multi-casting on [225.0.0.222:54997]...
Player connection [140704430792960] Host joined alternative multi-casting on [225.0.0.222:34997]...
JobSystem: Creating JobQueue using job-worker-count value 5
Input System module state changed to: Initialized.
[Physics::Module] Initialized fallback backend.
[Physics::Module] Id: 0xdecafbad
Library Redirect Path: Library/
[Physics::Module] Selected backend.
[Physics::Module] Name: PhysX
[Physics::Module] Id: 0xf2b8ea05
[Physics::Module] SDK Version: 4.1.2
[Physics::Module] Integration Version: 1.0.0
[Physics::Module] Threading Mode: Multi-Threaded
Refreshing native plugins compatible for Editor in 2.87 ms, found 1 plugins.
Preloading 0 native plugins for Editor in 0.00 ms.
Initialize engine version: 6000.3.6f1 (bbb010bdb8a3)
[Subsystems] Discovering subsystems at path /Applications/Unity/Hub/Editor/6000.3.6f1/Unity.app/Contents/Resources/UnitySubsystems
[Subsystems] Discovering subsystems at path /Users/grasscopper/Downloads/HaldomV2/haldom/Assets
GfxDevice: creating device client; kGfxThreadingModeNonThreaded
Color LCD preferred device: AMD Radeon Pro 5300M (high power)
Metal devices available: 2
0: AMD Radeon Pro 5300M (high power)
1: Intel(R) UHD Graphics 630 (low power)
Using device AMD Radeon Pro 5300M (high power)
Initializing Metal device caps: AMD Radeon Pro 5300M
Mac GPU Family: 2
Apple GPU Family: 0
MSL Version: 3.0
Has Float MSAA: 1
Has Float Filtering: 1
ReadWrite Texture Tier: 2
Initialize mono
Mono path[0] = '/Applications/Unity/Hub/Editor/6000.3.6f1/Unity.app/Contents/Resources/Scripting/Managed'
Mono path[1] = '/Applications/Unity/Hub/Editor/6000.3.6f1/Unity.app/Contents/Resources/Scripting/MonoBleedingEdge/lib/mono/unityjit-macos'
Mono config path = '/Applications/Unity/Hub/Editor/6000.3.6f1/Unity.app/Contents/Resources/Scripting/MonoBleedingEdge/etc'
Using monoOptions --debugger-agent=transport=dt_socket,embedding=1,server=y,suspend=n,address=127.0.0.1:56982
Begin MonoManager ReloadAssembly
[Licensing::Client] Handshaking with LicensingClient:
  Version:                 1.17.4+4293ba1
  Session Id:              60dafb5356e540819d269bc3769a7880
  Correlation Id:          03cd5c36d30e08b885bfd6682f59b643
  External correlation Id: 2616604932821553505
  Machine Id:              udthXwhS58sU6OodGO0aFPr22nk=
[Licensing::Module] Successfully connected to LicensingClient on channel: "LicenseClient-grasscopper" (connect: 0.00s, validation: 0.00s, handshake: 0.62s)
[Licensing::IpcConnector] Successfully connected to: "LicenseClient-grasscopper-notifications" at "2026-02-06T00:47:36.454474Z"
[Licensing::Module] Licensing Background thread has ended after 0.62s
Registering precompiled unity dll's ...
Register platform support module: /Applications/Unity/Hub/Editor/6000.3.6f1/PlaybackEngines/WebGLSupport/UnityEditor.WebGL.Extensions.dll
Register platform support module: /Applications/Unity/Hub/Editor/6000.3.6f1/Unity.app/Contents/PlaybackEngines/MacStandaloneSupport/UnityEditor.OSXStandalone.Extensions.dll
Registered in 0.002097 seconds.
- Loaded All Assemblies, in  0.783 seconds
Native extension for OSXStandalone target not found
Native extension for WebGL target not found
ScheduleIndexationOnStartup MainProcess:False IndexOnStartup:True
Mono: successfully reloaded assembly
- Finished resetting the current domain, in  0.578 seconds
Domain Reload Profiling: 1362ms
	BeginReloadAssembly (344ms)
		ExecutionOrderSort (0ms)
		DisableScriptedObjects (0ms)
		BackupInstance (0ms)
		ReleaseScriptingObjects (0ms)
		CreateAndSetChildDomain (1ms)
	RebuildCommonClasses (80ms)
	RebuildNativeTypeToScriptingClass (22ms)
	initialDomainReloadingComplete (71ms)
	LoadAllAssembliesAndSetupDomain (265ms)
		LoadAssemblies (345ms)
		RebuildTransferFunctionScriptingTraits (0ms)
		AnalyzeDomain (260ms)
			TypeCache.Refresh (257ms)
				TypeCache.ScanAssembly (239ms)
			BuildScriptInfoCaches (0ms)
			ResolveRequiredComponents (1ms)
	FinalizeReload (579ms)
		ReleaseScriptCaches (0ms)
		RebuildScriptCaches (0ms)
		SetupLoadedEditorAssemblies (521ms)
			LogAssemblyErrors (0ms)
			InitializePlatformSupportModulesInManaged (66ms)
			SetLoadedEditorAssemblies (5ms)
			BeforeProcessingInitializeOnLoad (116ms)
			ProcessInitializeOnLoadAttributes (199ms)
			ProcessInitializeOnLoadMethodAttributes (136ms)
			AfterProcessingInitializeOnLoad (0ms)
			EditorAssembliesLoaded (0ms)
		ExecutionOrderSort2 (0ms)
		AwakeInstancesAfterBackupRestoration (0ms)
[CoreBusinessMetrics] Unexpected thread when updating session info.
========================================================================
Worker process is ready to serve import requests
Import Worker Mode flag is 0x00
Begin MonoManager ReloadAssembly
[Licensing::Client] Successfully resolved entitlement details
[Licensing::Module] License group:
  Id: F4-6D3V-NZGU-WZMN-WMRY-XXXX
  Product: Unity Personal
  Type: ULF
  Expiration: Unlimited
[Licensing::Module] License group:
  Id: 2474179826765-UnityPersXXXX
  Product: Unity Personal
  Type: Assigned
  Expiration: Unlimited
- Loaded All Assemblies, in  0.779 seconds
Refreshing native plugins compatible for Editor in 0.21 ms, found 1 plugins.
Native extension for OSXStandalone target not found
Native extension for WebGL target not found
Package Manager log level set to [2]
[Package Manager] Failed to launch server process. Reason: Unity was launched with the -noUpm command-line argument
[Package Manager] Unable to send message (not connected to server process).
[Package Manager] Cannot connect to Unity Package Manager local server
ScheduleIndexationOnStartup MainProcess:False IndexOnStartup:True
Mono: successfully reloaded assembly
- Finished resetting the current domain, in  0.982 seconds
Domain Reload Profiling: 1761ms
	BeginReloadAssembly (237ms)
		ExecutionOrderSort (0ms)
		DisableScriptedObjects (8ms)
		BackupInstance (0ms)
		ReleaseScriptingObjects (0ms)
		CreateAndSetChildDomain (66ms)
	RebuildCommonClasses (62ms)
	RebuildNativeTypeToScriptingClass (20ms)
	initialDomainReloadingComplete (51ms)
	LoadAllAssembliesAndSetupDomain (407ms)
		LoadAssemblies (339ms)
		RebuildTransferFunctionScriptingTraits (0ms)
		AnalyzeDomain (164ms)
			TypeCache.Refresh (132ms)
				TypeCache.ScanAssembly (117ms)
			BuildScriptInfoCaches (23ms)
			ResolveRequiredComponents (4ms)
	FinalizeReload (983ms)
		ReleaseScriptCaches (0ms)
		RebuildScriptCaches (0ms)
		SetupLoadedEditorAssemblies (799ms)
			LogAssemblyErrors (0ms)
			InitializePlatformSupportModulesInManaged (4ms)
			SetLoadedEditorAssemblies (6ms)
			BeforeProcessingInitializeOnLoad (237ms)
			ProcessInitializeOnLoadAttributes (478ms)
			ProcessInitializeOnLoadMethodAttributes (73ms)
			AfterProcessingInitializeOnLoad (1ms)
			EditorAssembliesLoaded (0ms)
		ExecutionOrderSort2 (0ms)
		AwakeInstancesAfterBackupRestoration (5ms)
Launching external process: /Applications/Unity/Hub/Editor/6000.3.6f1/Unity.app/Contents/Helpers/UnityShaderCompiler
Launched and connected shader compiler UnityShaderCompiler after 0.08 seconds
Refreshing native plugins compatible for Editor in 0.25 ms, found 1 plugins.
Preloading 0 native plugins for Editor in 0.00 ms.
Unloading 0 Unused Serialized files (Serialized files now loaded: 0)
Unloading 2066 unused Assets / (0.5 MB). Loaded Objects now: 2654.
Memory consumption went from 77.7 MB to 77.2 MB.
Total: 10.169911 ms (FindLiveObjects: 0.426619 ms CreateObjectMapping: 0.213009 ms MarkObjects: 8.811217 ms  DeleteObjects: 0.717912 ms)

========================================================================
Received Import Request.
  Time since last request: 25986.266615 seconds.
  path: Assets/Medieval Combat Sounds/Punch and Melee/Punch 2_3.wav
  artifactKey: Guid(dfeb41b91df042d459cf7d821d4c0780) Importer(2089858483,b0f066a214c2f5e87bad3c948f4d605d)
Start importing Assets/Medieval Combat Sounds/Punch and Melee/Punch 2_3.wav using Guid(dfeb41b91df042d459cf7d821d4c0780) Importer(2089858483,b0f066a214c2f5e87bad3c948f4d605d) (ScriptedImporter) -> (artifact id: '8c275f2a90f0828e69c8ad09ec8bd6e4') in 0.174884007 seconds
Number of updated asset objects reloaded before import = 0Number of asset objects unloaded after import = 1

========================================================================
Received Import Request.
  Time since last request: 0.000164 seconds.
  path: Assets/Medieval Combat Sounds/Punch and Melee/Realistic Punch 3_1.wav
  artifactKey: Guid(39055ad3d5e090d4cbff758eb0b0fcba) Importer(2089858483,b0f066a214c2f5e87bad3c948f4d605d)
Start importing Assets/Medieval Combat Sounds/Punch and Melee/Realistic Punch 3_1.wav using Guid(39055ad3d5e090d4cbff758eb0b0fcba) Importer(2089858483,b0f066a214c2f5e87bad3c948f4d605d) (ScriptedImporter) -> (artifact id: '0acabfb20caaad3aee9d89ece187cd72') in 0.041396599 seconds
Number of updated asset objects reloaded before import = 0Number of asset objects unloaded after import = 1

========================================================================
Received Import Request.
  Time since last request: 0.000097 seconds.
  path: Assets/Medieval Combat Sounds/Shields/Shield Metal 5_4.wav
  artifactKey: Guid(060fafba1e7f4cc4c8bbda76496d5498) Importer(2089858483,b0f066a214c2f5e87bad3c948f4d605d)
Start importing Assets/Medieval Combat Sounds/Shields/Shield Metal 5_4.wav using Guid(060fafba1e7f4cc4c8bbda76496d5498) Importer(2089858483,b0f066a214c2f5e87bad3c948f4d605d) (ScriptedImporter) -> (artifact id: '6c60732ea2cfd9cc948c0f12c3a61873') in 0.03778668 seconds
Number of updated asset objects reloaded before import = 0Number of asset objects unloaded after import = 1

========================================================================
Received Import Request.
  Time since last request: 0.000097 seconds.
  path: Assets/Medieval Combat Sounds/Shields/Shield Wood 3_5.wav
  artifactKey: Guid(2f36928d2f65dfb4c82a01d986f2e929) Importer(2089858483,b0f066a214c2f5e87bad3c948f4d605d)
Start importing Assets/Medieval Combat Sounds/Shields/Shield Wood 3_5.wav using Guid(2f36928d2f65dfb4c82a01d986f2e929) Importer(2089858483,b0f066a214c2f5e87bad3c948f4d605d) (ScriptedImporter) -> (artifact id: '798173508f9a86c1d9f3212bd4670754') in 0.035689037 seconds
Number of updated asset objects reloaded before import = 0Number of asset objects unloaded after import = 1

========================================================================
Received Import Request.
  Time since last request: 0.000175 seconds.
  path: Assets/Medieval Combat Sounds/Magic/Magic Whoosh 03.wav
  artifactKey: Guid(cf321f2d976ddfa4aac91a4b8e56dbff) Importer(2089858483,b0f066a214c2f5e87bad3c948f4d605d)
Start importing Assets/Medieval Combat Sounds/Magic/Magic Whoosh 03.wav using Guid(cf321f2d976ddfa4aac91a4b8e56dbff) Importer(2089858483,b0f066a214c2f5e87bad3c948f4d605d) (ScriptedImporter) -> (artifact id: 'e1cb0370fba1c0a9886cdd2d1eee8b9c') in 0.041789154 seconds
Number of updated asset objects reloaded before import = 0Number of asset objects unloaded after import = 1

========================================================================
Received Import Request.
  Time since last request: 0.000069 seconds.
  path: Assets/Medieval Combat Sounds/Magic/Magic Holy 03.wav
  artifactKey: Guid(e8d5c3ea55d105b4d988e6389c5c108d) Importer(2089858483,b0f066a214c2f5e87bad3c948f4d605d)
Start importing Assets/Medieval Combat Sounds/Magic/Magic Holy 03.wav using Guid(e8d5c3ea55d105b4d988e6389c5c108d) Importer(2089858483,b0f066a214c2f5e87bad3c948f4d605d) (ScriptedImporter) -> (artifact id: '7ef3cc7545bb9c02111a51b0d1b4bc39') in 0.054552523 seconds
Number of updated asset objects reloaded before import = 0Number of asset objects unloaded after import = 1

========================================================================
Received Import Request.
  Time since last request: 0.000105 seconds.
  path: Assets/Medieval Combat Sounds/Punch and Melee/Punch 1_5.wav
  artifactKey: Guid(d5b5045642e67fb41b038096b520c160) Importer(2089858483,b0f066a214c2f5e87bad3c948f4d605d)
Start importing Assets/Medieval Combat Sounds/Punch and Melee/Punch 1_5.wav using Guid(d5b5045642e67fb41b038096b520c160) Importer(2089858483,b0f066a214c2f5e87bad3c948f4d605d) (ScriptedImporter) -> (artifact id: '64288e247542c8e124cd7f92dbbd304c') in 0.04802693 seconds
Number of updated asset objects reloaded before import = 0Number of asset objects unloaded after import = 1

========================================================================
Received Import Request.
  Time since last request: 0.000120 seconds.
  path: Assets/Medieval Combat Sounds/Swings and Whoosh/Dash Heavy Armor 1_04.wav
  artifactKey: Guid(614db76e93c095148aad52cb2e60f1d9) Importer(2089858483,b0f066a214c2f5e87bad3c948f4d605d)
Start importing Assets/Medieval Combat Sounds/Swings and Whoosh/Dash Heavy Armor 1_04.wav using Guid(614db76e93c095148aad52cb2e60f1d9) Importer(2089858483,b0f066a214c2f5e87bad3c948f4d605d) (ScriptedImporter) -> (artifact id: '351183e34fbe24a1ef73914bacca0587') in 0.017015735 seconds
Number of updated asset objects reloaded before import = 0Number of asset objects unloaded after import = 1

========================================================================
Received Import Request.
  Time since last request: 0.000087 seconds.
  path: Assets/Medieval Combat Sounds/Punch and Melee/Punch 1_2.wav
  artifactKey: Guid(fab4d62875995e14490f8545583bdfb7) Importer(2089858483,b0f066a214c2f5e87bad3c948f4d605d)
Start importing Assets/Medieval Combat Sounds/Punch and Melee/Punch 1_2.wav using Guid(fab4d62875995e14490f8545583bdfb7) Importer(2089858483,b0f066a214c2f5e87bad3c948f4d605d) (ScriptedImporter) -> (artifact id: 'edb6e9aaf5bc0116a181c840fe12cd9c') in 0.034840213 seconds
Number of updated asset objects reloaded before import = 0Number of asset objects unloaded after import = 1

========================================================================
Received Import Request.
  Time since last request: 0.000110 seconds.
  path: Assets/Medieval Combat Sounds/Shields/Shield Metal 4_5.wav
  artifactKey: Guid(4767c2ad7c5bda847a8bf2039d075622) Importer(2089858483,b0f066a214c2f5e87bad3c948f4d605d)
Start importing Assets/Medieval Combat Sounds/Shields/Shield Metal 4_5.wav using Guid(4767c2ad7c5bda847a8bf2039d075622) Importer(2089858483,b0f066a214c2f5e87bad3c948f4d605d) (ScriptedImporter) -> (artifact id: '94ec2504b1c1e4fd4bfd4d48ea4f89c0') in 0.033252125 seconds
Number of updated asset objects reloaded before import = 0Number of asset objects unloaded after import = 1

========================================================================
Received Import Request.
  Time since last request: 0.000106 seconds.
  path: Assets/Medieval Combat Sounds/Punch and Melee/Realistic Punch 4_2.wav
  artifactKey: Guid(0e2dd8ed8811fc84b94144fba0e7751f) Importer(2089858483,b0f066a214c2f5e87bad3c948f4d605d)
Start importing Assets/Medieval Combat Sounds/Punch and Melee/Realistic Punch 4_2.wav using Guid(0e2dd8ed8811fc84b94144fba0e7751f) Importer(2089858483,b0f066a214c2f5e87bad3c948f4d605d) (ScriptedImporter) -> (artifact id: 'd2d3f98b371a6b758b6023ffe1514f51') in 0.027034158 seconds
Number of updated asset objects reloaded before import = 0Number of asset objects unloaded after import = 1

========================================================================
Received Import Request.
  Time since last request: 0.000163 seconds.
  path: Assets/Medieval Combat Sounds/Shields/Shield Metal 4_2.wav
  artifactKey: Guid(a5718af6f540e8a4a880c60de6fafaef) Importer(2089858483,b0f066a214c2f5e87bad3c948f4d605d)
Start importing Assets/Medieval Combat Sounds/Shields/Shield Metal 4_2.wav using Guid(a5718af6f540e8a4a880c60de6fafaef) Importer(2089858483,b0f066a214c2f5e87bad3c948f4d605d) (ScriptedImporter) -> (artifact id: 'bd8a8f46718e5f052c530c993f4683a1') in 0.040637494 seconds
Number of updated asset objects reloaded before import = 0Number of asset objects unloaded after import = 1

========================================================================
Received Import Request.
  Time since last request: 0.000107 seconds.
  path: Assets/Medieval Combat Sounds/Punch and Melee/Realistic Punch 1_4.wav
  artifactKey: Guid(72e34cf543f8fd3438ffdcb47faa27a0) Importer(2089858483,b0f066a214c2f5e87bad3c948f4d605d)
Start importing Assets/Medieval Combat Sounds/Punch and Melee/Realistic Punch 1_4.wav using Guid(72e34cf543f8fd3438ffdcb47faa27a0) Importer(2089858483,b0f066a214c2f5e87bad3c948f4d605d) (ScriptedImporter) -> (artifact id: 'c3b579a5e2d206824857c8b0ef7aa96d') in 0.035105937 seconds
Number of updated asset objects reloaded before import = 0Number of asset objects unloaded after import = 1

========================================================================
Received Import Request.
  Time since last request: 0.000119 seconds.
  path: Assets/Medieval Combat Sounds/Shields/Shield Metal 3_2.wav
  artifactKey: Guid(a0656108dd194744592cbae256e407ba) Importer(2089858483,b0f066a214c2f5e87bad3c948f4d605d)
Start importing Assets/Medieval Combat Sounds/Shields/Shield Metal 3_2.wav using Guid(a0656108dd194744592cbae256e407ba) Importer(2089858483,b0f066a214c2f5e87bad3c948f4d605d) (ScriptedImporter) -> (artifact id: '2fbc4268b5f0a784e9d88c1198511f57') in 0.038724423 seconds
Number of updated asset objects reloaded before import = 0Number of asset objects unloaded after import = 1

========================================================================
Received Import Request.
  Time since last request: 0.000065 seconds.
  path: Assets/Medieval Combat Sounds/Punch and Melee/Realistic Punch 2_4.wav
  artifactKey: Guid(fa193bcaae8c5a54192d697951b8b1c1) Importer(2089858483,b0f066a214c2f5e87bad3c948f4d605d)
Start importing Assets/Medieval Combat Sounds/Punch and Melee/Realistic Punch 2_4.wav using Guid(fa193bcaae8c5a54192d697951b8b1c1) Importer(2089858483,b0f066a214c2f5e87bad3c948f4d605d) (ScriptedImporter) -> (artifact id: 'b10eeb6700490d5b01c1695f61b40921') in 0.029943494 seconds
Number of updated asset objects reloaded before import = 0Number of asset objects unloaded after import = 1

========================================================================
Received Import Request.
  Time since last request: 0.000072 seconds.
  path: Assets/Medieval Combat Sounds/Punch and Melee/Punch 4_2.wav
  artifactKey: Guid(b7299f4b2a7b5cf4ba43dcf995972a8e) Importer(2089858483,b0f066a214c2f5e87bad3c948f4d605d)
Start importing Assets/Medieval Combat Sounds/Punch and Melee/Punch 4_2.wav using Guid(b7299f4b2a7b5cf4ba43dcf995972a8e) Importer(2089858483,b0f066a214c2f5e87bad3c948f4d605d) (ScriptedImporter) -> (artifact id: '8413a56bf1cd008c50bec20464feb5da') in 0.030934442 seconds
Number of updated asset objects reloaded before import = 0Number of asset objects unloaded after import = 1

========================================================================
Received Import Request.
  Time since last request: 0.000087 seconds.
  path: Assets/Medieval Combat Sounds/Swings and Whoosh/Dash Heavy Armor 2_01.wav
  artifactKey: Guid(ded150c3f2e24534880046111c47c125) Importer(2089858483,b0f066a214c2f5e87bad3c948f4d605d)
Start importing Assets/Medieval Combat Sounds/Swings and Whoosh/Dash Heavy Armor 2_01.wav using Guid(ded150c3f2e24534880046111c47c125) Importer(2089858483,b0f066a214c2f5e87bad3c948f4d605d) (ScriptedImporter) -> (artifact id: 'cab2542e0ef9245af294341822ff42c5') in 0.021959279 seconds
Number of updated asset objects reloaded before import = 0Number of asset objects unloaded after import = 1

========================================================================
Received Import Request.
  Time since last request: 0.000081 seconds.
  path: Assets/Medieval Combat Sounds/Swings and Whoosh/Blunt Swing 1_3.wav
  artifactKey: Guid(72d795a9d9ddc2d4088aa03982e0fa19) Importer(2089858483,b0f066a214c2f5e87bad3c948f4d605d)
Start importing Assets/Medieval Combat Sounds/Swings and Whoosh/Blunt Swing 1_3.wav using Guid(72d795a9d9ddc2d4088aa03982e0fa19) Importer(2089858483,b0f066a214c2f5e87bad3c948f4d605d) (ScriptedImporter) -> (artifact id: '453ab1c68d0e97dbaa306fdc5066d0bf') in 0.035853157 seconds
Number of updated asset objects reloaded before import = 0Number of asset objects unloaded after import = 1

========================================================================
Received Import Request.
  Time since last request: 0.000122 seconds.
  path: Assets/Medieval Combat Sounds/Shields/Shield Wood 1_5.wav
  artifactKey: Guid(96fc3598a4742dc449e6b74efbf9ca11) Importer(2089858483,b0f066a214c2f5e87bad3c948f4d605d)
Start importing Assets/Medieval Combat Sounds/Shields/Shield Wood 1_5.wav using Guid(96fc3598a4742dc449e6b74efbf9ca11) Importer(2089858483,b0f066a214c2f5e87bad3c948f4d605d) (ScriptedImporter) -> (artifact id: 'cb84eb16864b2012af6b3c7cb356610b') in 0.033990745 seconds
Number of updated asset objects reloaded before import = 0Number of asset objects unloaded after import = 1

========================================================================
Received Import Request.
  Time since last request: 0.000088 seconds.
  path: Assets/Medieval Combat Sounds/Punch and Melee/Realistic Punch 2_2.wav
  artifactKey: Guid(229d403f1dededd43b193e38c62e4281) Importer(2089858483,b0f066a214c2f5e87bad3c948f4d605d)
Start importing Assets/Medieval Combat Sounds/Punch and Melee/Realistic Punch 2_2.wav using Guid(229d403f1dededd43b193e38c62e4281) Importer(2089858483,b0f066a214c2f5e87bad3c948f4d605d) (ScriptedImporter) -> (artifact id: 'ec564debd3266b6c203e311590fe9d2e') in 0.031576573 seconds
Number of updated asset objects reloaded before import = 0Number of asset objects unloaded after import = 1

========================================================================
Received Import Request.
  Time since last request: 0.000058 seconds.
  path: Assets/Medieval Combat Sounds/Swings and Whoosh/Whoosh 3_1.wav
  artifactKey: Guid(350f88ab493a5cb40ab3d73619ff6d4c) Importer(2089858483,b0f066a214c2f5e87bad3c948f4d605d)
Start importing Assets/Medieval Combat Sounds/Swings and Whoosh/Whoosh 3_1.wav using Guid(350f88ab493a5cb40ab3d73619ff6d4c) Importer(2089858483,b0f066a214c2f5e87bad3c948f4d605d) (ScriptedImporter) -> (artifact id: '76fd5e5795c9ce07f380c4ba83752001') in 0.035779904 seconds
Number of updated asset objects reloaded before import = 0Number of asset objects unloaded after import = 1

========================================================================
Received Import Request.
  Time since last request: 0.000152 seconds.
  path: Assets/Medieval Combat Sounds/Swings and Whoosh/Whoosh 4_3.wav
  artifactKey: Guid(e6f089576da0c4747bd0d1c688960e7e) Importer(2089858483,b0f066a214c2f5e87bad3c948f4d605d)
Start importing Assets/Medieval Combat Sounds/Swings and Whoosh/Whoosh 4_3.wav using Guid(e6f089576da0c4747bd0d1c688960e7e) Importer(2089858483,b0f066a214c2f5e87bad3c948f4d605d) (ScriptedImporter) -> (artifact id: '024603c7e2a1a3263ae4f48e5a59e5c5') in 0.030602618 seconds
Number of updated asset objects reloaded before import = 0Number of asset objects unloaded after import = 1

========================================================================
Received Import Request.
  Time since last request: 0.000149 seconds.
  path: Assets/Medieval Combat Sounds/Weapons/Arrow Fly 2_4.wav
  artifactKey: Guid(2123373380b36114ca70b6445e5933e9) Importer(2089858483,b0f066a214c2f5e87bad3c948f4d605d)
Start importing Assets/Medieval Combat Sounds/Weapons/Arrow Fly 2_4.wav using Guid(2123373380b36114ca70b6445e5933e9) Importer(2089858483,b0f066a214c2f5e87bad3c948f4d605d) (ScriptedImporter) -> (artifact id: '87744e178774618db0270e191ad3001d') in 0.039495393 seconds
Number of updated asset objects reloaded before import = 0Number of asset objects unloaded after import = 1

========================================================================
Received Import Request.
  Time since last request: 0.000088 seconds.
  path: Assets/Medieval Combat Sounds/Swings and Whoosh/Whoosh 1_3.wav
  artifactKey: Guid(507a7716dcc5ce343bdf54aa3d9e2d64) Importer(2089858483,b0f066a214c2f5e87bad3c948f4d605d)
Start importing Assets/Medieval Combat Sounds/Swings and Whoosh/Whoosh 1_3.wav using Guid(507a7716dcc5ce343bdf54aa3d9e2d64) Importer(2089858483,b0f066a214c2f5e87bad3c948f4d605d) (ScriptedImporter) -> (artifact id: '5a968e5b6a4de4ec1a544db37ce07e44') in 0.031950844 seconds
Number of updated asset objects reloaded before import = 0Number of asset objects unloaded after import = 1

========================================================================
Received Import Request.
  Time since last request: 0.000082 seconds.
  path: Assets/Medieval Combat Sounds/Swings and Whoosh/Whoosh 5_4.wav
  artifactKey: Guid(6578744e71d287f4d93a4479865d8f43) Importer(2089858483,b0f066a214c2f5e87bad3c948f4d605d)
Start importing Assets/Medieval Combat Sounds/Swings and Whoosh/Whoosh 5_4.wav using Guid(6578744e71d287f4d93a4479865d8f43) Importer(2089858483,b0f066a214c2f5e87bad3c948f4d605d) (ScriptedImporter) -> (artifact id: '0f5cb4fa03f4e2cda3d4ce45b6e145eb') in 0.032260032 seconds
Number of updated asset objects reloaded before import = 0Number of asset objects unloaded after import = 1

========================================================================
Received Import Request.
  Time since last request: 0.000105 seconds.
  path: Assets/Medieval Combat Sounds/Weapons/Arrow Hit Stone 1_3.wav
  artifactKey: Guid(f222709aef65c944a83c866764e9aa61) Importer(2089858483,b0f066a214c2f5e87bad3c948f4d605d)
Start importing Assets/Medieval Combat Sounds/Weapons/Arrow Hit Stone 1_3.wav using Guid(f222709aef65c944a83c866764e9aa61) Importer(2089858483,b0f066a214c2f5e87bad3c948f4d605d) (ScriptedImporter) -> (artifact id: '3095101c1dd48900a116d0f7cc372f73') in 0.027015496 seconds
Number of updated asset objects reloaded before import = 0Number of asset objects unloaded after import = 1

========================================================================
Received Import Request.
  Time since last request: 0.000087 seconds.
  path: Assets/Medieval Combat Sounds/Swings and Whoosh/Sword Swing 7_2.wav
  artifactKey: Guid(e3c7d8226d6a065408a86f7fec717e32) Importer(2089858483,b0f066a214c2f5e87bad3c948f4d605d)
Start importing Assets/Medieval Combat Sounds/Swings and Whoosh/Sword Swing 7_2.wav using Guid(e3c7d8226d6a065408a86f7fec717e32) Importer(2089858483,b0f066a214c2f5e87bad3c948f4d605d) (ScriptedImporter) -> (artifact id: '587decfdd05c72c0d234748915b9f470') in 0.029693733 seconds
Number of updated asset objects reloaded before import = 0Number of asset objects unloaded after import = 1

========================================================================
Received Import Request.
  Time since last request: 0.000077 seconds.
  path: Assets/Medieval Combat Sounds/Swings and Whoosh/Sword Swing 4_3.wav
  artifactKey: Guid(167c0424dfa580245be81903c1bcbb84) Importer(2089858483,b0f066a214c2f5e87bad3c948f4d605d)
Start importing Assets/Medieval Combat Sounds/Swings and Whoosh/Sword Swing 4_3.wav using Guid(167c0424dfa580245be81903c1bcbb84) Importer(2089858483,b0f066a214c2f5e87bad3c948f4d605d) (ScriptedImporter) -> (artifact id: 'd05e4295ac77f406dfeb6a3a6ff6100a') in 0.029851092 seconds
Number of updated asset objects reloaded before import = 0Number of asset objects unloaded after import = 1

========================================================================
Received Import Request.
  Time since last request: 0.000059 seconds.
  path: Assets/Medieval Combat Sounds/Swings and Whoosh/Whoosh 4_2.wav
  artifactKey: Guid(a5e70fad1b5614b4fa6fdbfc932468bc) Importer(2089858483,b0f066a214c2f5e87bad3c948f4d605d)
Start importing Assets/Medieval Combat Sounds/Swings and Whoosh/Whoosh 4_2.wav using Guid(a5e70fad1b5614b4fa6fdbfc932468bc) Importer(2089858483,b0f066a214c2f5e87bad3c948f4d605d) (ScriptedImporter) -> (artifact id: '5f99b5858ba3caf2aa5a253f53c1afe2') in 0.029797559 seconds
Number of updated asset objects reloaded before import = 0Number of asset objects unloaded after import = 1

========================================================================
Received Import Request.
  Time since last request: 0.000071 seconds.
  path: Assets/Medieval Combat Sounds/Swings and Whoosh/Whoosh 6_2.wav
  artifactKey: Guid(80ab6b3b1442548418eb59504f6ed1e5) Importer(2089858483,b0f066a214c2f5e87bad3c948f4d605d)
Start importing Assets/Medieval Combat Sounds/Swings and Whoosh/Whoosh 6_2.wav using Guid(80ab6b3b1442548418eb59504f6ed1e5) Importer(2089858483,b0f066a214c2f5e87bad3c948f4d605d) (ScriptedImporter) -> (artifact id: 'dae94f584f2e41f8b8809e7e0fdbb08b') in 0.028389035 seconds
Number of updated asset objects reloaded before import = 0Number of asset objects unloaded after import = 1

========================================================================
Received Import Request.
  Time since last request: 0.000102 seconds.
  path: Assets/Medieval Combat Sounds/Swings and Whoosh/Whoosh 7_4.wav
  artifactKey: Guid(b92df993ef2e0b143af8f0bbfe8a77bd) Importer(2089858483,b0f066a214c2f5e87bad3c948f4d605d)
Start importing Assets/Medieval Combat Sounds/Swings and Whoosh/Whoosh 7_4.wav using Guid(b92df993ef2e0b143af8f0bbfe8a77bd) Importer(2089858483,b0f066a214c2f5e87bad3c948f4d605d) (ScriptedImporter) -> (artifact id: '9c41a690b306b147529e354c1cf2adea') in 0.036166793 seconds
Number of updated asset objects reloaded before import = 0Number of asset objects unloaded after import = 1

========================================================================
Received Import Request.
  Time since last request: 0.000087 seconds.
  path: Assets/Medieval Combat Sounds/Swings and Whoosh/Sword Swing 7_1.wav
  artifactKey: Guid(3dffab2350b1e584c96ddd617579fc37) Importer(2089858483,b0f066a214c2f5e87bad3c948f4d605d)
Start importing Assets/Medieval Combat Sounds/Swings and Whoosh/Sword Swing 7_1.wav using Guid(3dffab2350b1e584c96ddd617579fc37) Importer(2089858483,b0f066a214c2f5e87bad3c948f4d605d) (ScriptedImporter) -> (artifact id: 'cc5c8702b1b7386f7aacd6ece4636f93') in 0.032759732 seconds
Number of updated asset objects reloaded before import = 0Number of asset objects unloaded after import = 1

========================================================================
Received Import Request.
  Time since last request: 0.000149 seconds.
  path: Assets/Medieval Combat Sounds/Swings and Whoosh/Whoosh 8_2.wav
  artifactKey: Guid(865aad9b7d7ca5342b74257092c62e26) Importer(2089858483,b0f066a214c2f5e87bad3c948f4d605d)
Start importing Assets/Medieval Combat Sounds/Swings and Whoosh/Whoosh 8_2.wav using Guid(865aad9b7d7ca5342b74257092c62e26) Importer(2089858483,b0f066a214c2f5e87bad3c948f4d605d) (ScriptedImporter) -> (artifact id: 'bcd1f406385b1370719b4818239560c4') in 0.034967677 seconds
Number of updated asset objects reloaded before import = 0Number of asset objects unloaded after import = 1

========================================================================
Received Import Request.
  Time since last request: 0.000086 seconds.
  path: Assets/Medieval Combat Sounds/Swings and Whoosh/Whoosh 2_1.wav
  artifactKey: Guid(6061b6ee4adaca24f9f610300531c3a9) Importer(2089858483,b0f066a214c2f5e87bad3c948f4d605d)
Start importing Assets/Medieval Combat Sounds/Swings and Whoosh/Whoosh 2_1.wav using Guid(6061b6ee4adaca24f9f610300531c3a9) Importer(2089858483,b0f066a214c2f5e87bad3c948f4d605d) (ScriptedImporter) -> (artifact id: '857fb0572718ed67a905e4d63e9d1978') in 0.026816902 seconds
Number of updated asset objects reloaded before import = 0Number of asset objects unloaded after import = 1

========================================================================
Received Import Request.
  Time since last request: 0.000075 seconds.
  path: Assets/Medieval Combat Sounds/Swings and Whoosh/Sword Swing 6_5.wav
  artifactKey: Guid(1695ea1e9f519cb43972bee76d2fe822) Importer(2089858483,b0f066a214c2f5e87bad3c948f4d605d)
Start importing Assets/Medieval Combat Sounds/Swings and Whoosh/Sword Swing 6_5.wav using Guid(1695ea1e9f519cb43972bee76d2fe822) Importer(2089858483,b0f066a214c2f5e87bad3c948f4d605d) (ScriptedImporter) -> (artifact id: '76df0c092ea8dfea9f91b53eec77da13') in 0.03008123 seconds
Number of updated asset objects reloaded before import = 0Number of asset objects unloaded after import = 1

========================================================================
Received Import Request.
  Time since last request: 0.000067 seconds.
  path: Assets/Medieval Combat Sounds/Weapons/Arrow Hit Metal 2_1.wav
  artifactKey: Guid(dccc75fadf07b3c419f12552dac17ad1) Importer(2089858483,b0f066a214c2f5e87bad3c948f4d605d)
Start importing Assets/Medieval Combat Sounds/Weapons/Arrow Hit Metal 2_1.wav using Guid(dccc75fadf07b3c419f12552dac17ad1) Importer(2089858483,b0f066a214c2f5e87bad3c948f4d605d) (ScriptedImporter) -> (artifact id: '6919a0257748a30cabd1af0e8a5dac57') in 0.031417919 seconds
Number of updated asset objects reloaded before import = 0Number of asset objects unloaded after import = 1

========================================================================
Received Import Request.
  Time since last request: 0.000079 seconds.
  path: Assets/Medieval Combat Sounds/Swings and Whoosh/Whoosh 6_1.wav
  artifactKey: Guid(1efc2a6d60d4484448f8a1d54a8dc42f) Importer(2089858483,b0f066a214c2f5e87bad3c948f4d605d)
Start importing Assets/Medieval Combat Sounds/Swings and Whoosh/Whoosh 6_1.wav using Guid(1efc2a6d60d4484448f8a1d54a8dc42f) Importer(2089858483,b0f066a214c2f5e87bad3c948f4d605d) (ScriptedImporter) -> (artifact id: 'd75a6e776bfa754a9e6f10ee9541d795') in 0.035746065 seconds
Number of updated asset objects reloaded before import = 0Number of asset objects unloaded after import = 1

========================================================================
Received Import Request.
  Time since last request: 0.000092 seconds.
  path: Assets/Medieval Combat Sounds/Swings and Whoosh/Whoosh 3_5.wav
  artifactKey: Guid(358740cf3bbf16c4faa9b17198faad03) Importer(2089858483,b0f066a214c2f5e87bad3c948f4d605d)
Start importing Assets/Medieval Combat Sounds/Swings and Whoosh/Whoosh 3_5.wav using Guid(358740cf3bbf16c4faa9b17198faad03) Importer(2089858483,b0f066a214c2f5e87bad3c948f4d605d) (ScriptedImporter) -> (artifact id: '27d4d06b0b67a5b26438518414cee17d') in 0.028763866 seconds
Number of updated asset objects reloaded before import = 0Number of asset objects unloaded after import = 1

========================================================================
Received Import Request.
  Time since last request: 0.000081 seconds.
  path: Assets/Medieval Combat Sounds/Swings and Whoosh/Whoosh 5_1.wav
  artifactKey: Guid(98d1419231c606446a85f66e60d3f786) Importer(2089858483,b0f066a214c2f5e87bad3c948f4d605d)
Start importing Assets/Medieval Combat Sounds/Swings and Whoosh/Whoosh 5_1.wav using Guid(98d1419231c606446a85f66e60d3f786) Importer(2089858483,b0f066a214c2f5e87bad3c948f4d605d) (ScriptedImporter) -> (artifact id: '8904f8e19890e9609549f68fc6911ba9') in 0.031898241 seconds
Number of updated asset objects reloaded before import = 0Number of asset objects unloaded after import = 1

========================================================================
Received Import Request.
  Time since last request: 0.000097 seconds.
  path: Assets/Medieval Combat Sounds/Swings and Whoosh/Whoosh 5_3.wav
  artifactKey: Guid(d66a40e8ea2af754c88e15820cedd24d) Importer(2089858483,b0f066a214c2f5e87bad3c948f4d605d)
Start importing Assets/Medieval Combat Sounds/Swings and Whoosh/Whoosh 5_3.wav using Guid(d66a40e8ea2af754c88e15820cedd24d) Importer(2089858483,b0f066a214c2f5e87bad3c948f4d605d) (ScriptedImporter) -> (artifact id: '7a3ca6983707beb6aa1f780af7b5ec18') in 0.031378936 seconds
Number of updated asset objects reloaded before import = 0Number of asset objects unloaded after import = 1

========================================================================
Received Import Request.
  Time since last request: 0.000066 seconds.
  path: Assets/Medieval Combat Sounds/Swings and Whoosh/Dash Light Armor 2_02.wav
  artifactKey: Guid(5dcf8e2462e90384e8afc6eafcd16ca2) Importer(2089858483,b0f066a214c2f5e87bad3c948f4d605d)
Start importing Assets/Medieval Combat Sounds/Swings and Whoosh/Dash Light Armor 2_02.wav using Guid(5dcf8e2462e90384e8afc6eafcd16ca2) Importer(2089858483,b0f066a214c2f5e87bad3c948f4d605d) (ScriptedImporter) -> (artifact id: '0b17a3dee850ccebaacc0f37ee43202b') in 0.016349685 seconds
Number of updated asset objects reloaded before import = 0Number of asset objects unloaded after import = 1

========================================================================
Received Import Request.
  Time since last request: 0.000132 seconds.
  path: Assets/Medieval Combat Sounds/Swings and Whoosh/Whoosh 1_1.wav
  artifactKey: Guid(acd13d9d06e0d594ab76cce92afad430) Importer(2089858483,b0f066a214c2f5e87bad3c948f4d605d)
Start importing Assets/Medieval Combat Sounds/Swings and Whoosh/Whoosh 1_1.wav using Guid(acd13d9d06e0d594ab76cce92afad430) Importer(2089858483,b0f066a214c2f5e87bad3c948f4d605d) (ScriptedImporter) -> (artifact id: '37ba32c6292c6a2ed97f67a96239ae75') in 0.032671589 seconds
Number of updated asset objects reloaded before import = 0Number of asset objects unloaded after import = 1

========================================================================
Received Import Request.
  Time since last request: 0.000125 seconds.
  path: Assets/Medieval Combat Sounds/Swings and Whoosh/Sword Swing 3_2.wav
  artifactKey: Guid(0bf00547bd310f843b3969adf493c4cd) Importer(2089858483,b0f066a214c2f5e87bad3c948f4d605d)
Start importing Assets/Medieval Combat Sounds/Swings and Whoosh/Sword Swing 3_2.wav using Guid(0bf00547bd310f843b3969adf493c4cd) Importer(2089858483,b0f066a214c2f5e87bad3c948f4d605d) (ScriptedImporter) -> (artifact id: '20144c5ec6bcec0d442ca844fd92bf19') in 0.03386945 seconds
Number of updated asset objects reloaded before import = 0Number of asset objects unloaded after import = 1

========================================================================
Received Import Request.
  Time since last request: 0.000104 seconds.
  path: Assets/Medieval Combat Sounds/Weapons/Arrow Hit Stone 1_5.wav
  artifactKey: Guid(6870564c1318e21418d835edf33a2927) Importer(2089858483,b0f066a214c2f5e87bad3c948f4d605d)
Start importing Assets/Medieval Combat Sounds/Weapons/Arrow Hit Stone 1_5.wav using Guid(6870564c1318e21418d835edf33a2927) Importer(2089858483,b0f066a214c2f5e87bad3c948f4d605d) (ScriptedImporter) -> (artifact id: 'd2ba7e6ec36fb98d9cac87920c460d83') in 0.028036712 seconds
Number of updated asset objects reloaded before import = 0Number of asset objects unloaded after import = 1

========================================================================
Received Import Request.
  Time since last request: 0.000080 seconds.
  path: Assets/Medieval Combat Sounds/Swings and Whoosh/Whoosh 6_4.wav
  artifactKey: Guid(a81c6c74bd33769478638f928e9fc0fd) Importer(2089858483,b0f066a214c2f5e87bad3c948f4d605d)
Start importing Assets/Medieval Combat Sounds/Swings and Whoosh/Whoosh 6_4.wav using Guid(a81c6c74bd33769478638f928e9fc0fd) Importer(2089858483,b0f066a214c2f5e87bad3c948f4d605d) (ScriptedImporter) -> (artifact id: '5d487ceeb6dd74c3feb5f949dc7bb1f4') in 0.035023579 seconds
Number of updated asset objects reloaded before import = 0Number of asset objects unloaded after import = 1

========================================================================
Received Import Request.
  Time since last request: 0.000176 seconds.
  path: Assets/Medieval Combat Sounds/Weapons/Arrow Hit Stone 2_2.wav
  artifactKey: Guid(60fbb3f9a31617b45992138ba1085ed7) Importer(2089858483,b0f066a214c2f5e87bad3c948f4d605d)
Start importing Assets/Medieval Combat Sounds/Weapons/Arrow Hit Stone 2_2.wav using Guid(60fbb3f9a31617b45992138ba1085ed7) Importer(2089858483,b0f066a214c2f5e87bad3c948f4d605d) (ScriptedImporter) -> (artifact id: '7d3531b39af47c2bc9e7efd32d8b7e63') in 0.034413884 seconds
Number of updated asset objects reloaded before import = 0Number of asset objects unloaded after import = 1

========================================================================
Received Import Request.
  Time since last request: 0.000120 seconds.
  path: Assets/Medieval Combat Sounds/Weapons/Arrow Fly 1_5.wav
  artifactKey: Guid(0ac7616147a2d4c4fa3cf738b621be96) Importer(2089858483,b0f066a214c2f5e87bad3c948f4d605d)
Start importing Assets/Medieval Combat Sounds/Weapons/Arrow Fly 1_5.wav using Guid(0ac7616147a2d4c4fa3cf738b621be96) Importer(2089858483,b0f066a214c2f5e87bad3c948f4d605d) (ScriptedImporter) -> (artifact id: 'b8f32fd44fa615bc78a3fba585917440') in 0.031920816 seconds
Number of updated asset objects reloaded before import = 0Number of asset objects unloaded after import = 1

========================================================================
Received Import Request.
  Time since last request: 0.000125 seconds.
  path: Assets/Medieval Combat Sounds/Swings and Whoosh/Sword Swing 6_3.wav
  artifactKey: Guid(365085be453921c4ebb02b724fb0ac63) Importer(2089858483,b0f066a214c2f5e87bad3c948f4d605d)
Start importing Assets/Medieval Combat Sounds/Swings and Whoosh/Sword Swing 6_3.wav using Guid(365085be453921c4ebb02b724fb0ac63) Importer(2089858483,b0f066a214c2f5e87bad3c948f4d605d) (ScriptedImporter) -> (artifact id: 'def6671689bcfe39030968193d359db6') in 0.029885198 seconds
Number of updated asset objects reloaded before import = 0Number of asset objects unloaded after import = 1

========================================================================
Received Import Request.
  Time since last request: 0.000073 seconds.
  path: Assets/Medieval Combat Sounds/Swings and Whoosh/Sword Swing 5_5.wav
  artifactKey: Guid(0b80495a46091b54eb497f511a314093) Importer(2089858483,b0f066a214c2f5e87bad3c948f4d605d)
Start importing Assets/Medieval Combat Sounds/Swings and Whoosh/Sword Swing 5_5.wav using Guid(0b80495a46091b54eb497f511a314093) Importer(2089858483,b0f066a214c2f5e87bad3c948f4d605d) (ScriptedImporter) -> (artifact id: '69e37c5bd5333747b025717dc5738854') in 0.031558847 seconds
Number of updated asset objects reloaded before import = 0Number of asset objects unloaded after import = 1

========================================================================
Received Import Request.
  Time since last request: 0.000113 seconds.
  path: Assets/Medieval Combat Sounds/Swings and Whoosh/Sword Swing 6_4.wav
  artifactKey: Guid(d981754d33cd98e45bae6078dff5b5dd) Importer(2089858483,b0f066a214c2f5e87bad3c948f4d605d)
Start importing Assets/Medieval Combat Sounds/Swings and Whoosh/Sword Swing 6_4.wav using Guid(d981754d33cd98e45bae6078dff5b5dd) Importer(2089858483,b0f066a214c2f5e87bad3c948f4d605d) (ScriptedImporter) -> (artifact id: '48ee38f86b8ada2a0bc1c27d59a63189') in 0.02887758 seconds
Number of updated asset objects reloaded before import = 0Number of asset objects unloaded after import = 1

========================================================================
Received Import Request.
  Time since last request: 0.000129 seconds.
  path: Assets/Medieval Combat Sounds/Swings and Whoosh/Sword Swing 5_3.wav
  artifactKey: Guid(08f369e37bb68a143aabac38a4ac1c2a) Importer(2089858483,b0f066a214c2f5e87bad3c948f4d605d)
Start importing Assets/Medieval Combat Sounds/Swings and Whoosh/Sword Swing 5_3.wav using Guid(08f369e37bb68a143aabac38a4ac1c2a) Importer(2089858483,b0f066a214c2f5e87bad3c948f4d605d) (ScriptedImporter) -> (artifact id: 'f33d37f69eb3a70c088c8b0ce3d92f10') in 0.029254226 seconds
Number of updated asset objects reloaded before import = 0Number of asset objects unloaded after import = 1

========================================================================
Received Import Request.
  Time since last request: 0.000095 seconds.
  path: Assets/Medieval Combat Sounds/Swings and Whoosh/Whoosh 5_5.wav
  artifactKey: Guid(b9f215526c9ccd8428d027628d211b51) Importer(2089858483,b0f066a214c2f5e87bad3c948f4d605d)
Start importing Assets/Medieval Combat Sounds/Swings and Whoosh/Whoosh 5_5.wav using Guid(b9f215526c9ccd8428d027628d211b51) Importer(2089858483,b0f066a214c2f5e87bad3c948f4d605d) (ScriptedImporter) -> (artifact id: '14486754f034a844da1b8ba3f92852f6') in 0.025726883 seconds
Number of updated asset objects reloaded before import = 0Number of asset objects unloaded after import = 1

========================================================================
Received Import Request.
  Time since last request: 0.000125 seconds.
  path: Assets/Medieval Combat Sounds/Swings and Whoosh/Whoosh 5_2.wav
  artifactKey: Guid(eb9abf542682ec346a88b9ef3de54674) Importer(2089858483,b0f066a214c2f5e87bad3c948f4d605d)
Start importing Assets/Medieval Combat Sounds/Swings and Whoosh/Whoosh 5_2.wav using Guid(eb9abf542682ec346a88b9ef3de54674) Importer(2089858483,b0f066a214c2f5e87bad3c948f4d605d) (ScriptedImporter) -> (artifact id: 'ff3abc30c09f4022a8a0d6e0bf5a1b4f') in 0.027219213 seconds
Number of updated asset objects reloaded before import = 0Number of asset objects unloaded after import = 1

========================================================================
Received Import Request.
  Time since last request: 0.000091 seconds.
  path: Assets/Medieval Combat Sounds/Swings and Whoosh/Whoosh 1_5.wav
  artifactKey: Guid(802c1ed7e90dd6f41aa561c76bd2e15e) Importer(2089858483,b0f066a214c2f5e87bad3c948f4d605d)
Start importing Assets/Medieval Combat Sounds/Swings and Whoosh/Whoosh 1_5.wav using Guid(802c1ed7e90dd6f41aa561c76bd2e15e) Importer(2089858483,b0f066a214c2f5e87bad3c948f4d605d) (ScriptedImporter) -> (artifact id: '3c1e1b9173c1de1dc496dff73ac35d68') in 0.028944121 seconds
Number of updated asset objects reloaded before import = 0Number of asset objects unloaded after import = 1

========================================================================
Received Import Request.
  Time since last request: 0.000076 seconds.
  path: Assets/Medieval Combat Sounds/Swings and Whoosh/Sword Swing 3_5.wav
  artifactKey: Guid(d1775e25cd36afd478f7cc99c8d1ea07) Importer(2089858483,b0f066a214c2f5e87bad3c948f4d605d)
Start importing Assets/Medieval Combat Sounds/Swings and Whoosh/Sword Swing 3_5.wav using Guid(d1775e25cd36afd478f7cc99c8d1ea07) Importer(2089858483,b0f066a214c2f5e87bad3c948f4d605d) (ScriptedImporter) -> (artifact id: '6be8146d41fed73276b4328fe598e57d') in 0.028130651 seconds
Number of updated asset objects reloaded before import = 0Number of asset objects unloaded after import = 1

========================================================================
Received Import Request.
  Time since last request: 0.000076 seconds.
  path: Assets/Medieval Combat Sounds/Swings and Whoosh/Sword Swing 5_2.wav
  artifactKey: Guid(e8b77da9595eb9b4980a1c873a6240d2) Importer(2089858483,b0f066a214c2f5e87bad3c948f4d605d)
Start importing Assets/Medieval Combat Sounds/Swings and Whoosh/Sword Swing 5_2.wav using Guid(e8b77da9595eb9b4980a1c873a6240d2) Importer(2089858483,b0f066a214c2f5e87bad3c948f4d605d) (ScriptedImporter) -> (artifact id: '21626eee1fd1d27e1ab2379db98e6577') in 0.027903617 seconds
Number of updated asset objects reloaded before import = 0Number of asset objects unloaded after import = 1

========================================================================
Received Import Request.
  Time since last request: 0.000077 seconds.
  path: Assets/Medieval Combat Sounds/Magic/Magic Holy 01.wav
  artifactKey: Guid(99711697522d56349b2f8fe4c4a5c1af) Importer(2089858483,b0f066a214c2f5e87bad3c948f4d605d)
Start importing Assets/Medieval Combat Sounds/Magic/Magic Holy 01.wav using Guid(99711697522d56349b2f8fe4c4a5c1af) Importer(2089858483,b0f066a214c2f5e87bad3c948f4d605d) (ScriptedImporter) -> (artifact id: '24c319b70f1a08aceae16a2f3d15edc9') in 0.041161068 seconds
Number of updated asset objects reloaded before import = 0Number of asset objects unloaded after import = 1

========================================================================
Received Import Request.
  Time since last request: 0.000113 seconds.
  path: Assets/Medieval Combat Sounds/Shields/Shield Wood 1_2.wav
  artifactKey: Guid(2140e60da40f4ec48aa5108e414c3c70) Importer(2089858483,b0f066a214c2f5e87bad3c948f4d605d)
Start importing Assets/Medieval Combat Sounds/Shields/Shield Wood 1_2.wav using Guid(2140e60da40f4ec48aa5108e414c3c70) Importer(2089858483,b0f066a214c2f5e87bad3c948f4d605d) (ScriptedImporter) -> (artifact id: 'a49fc855980a209e2a349184adcc0bcc') in 0.025321688 seconds
Number of updated asset objects reloaded before import = 0Number of asset objects unloaded after import = 1

========================================================================
Received Import Request.
  Time since last request: 0.000121 seconds.
  path: Assets/Medieval Combat Sounds/Magic/Magic Whoosh 01.wav
  artifactKey: Guid(a569060813012df4bb01139a35c35aaf) Importer(2089858483,b0f066a214c2f5e87bad3c948f4d605d)
Start importing Assets/Medieval Combat Sounds/Magic/Magic Whoosh 01.wav using Guid(a569060813012df4bb01139a35c35aaf) Importer(2089858483,b0f066a214c2f5e87bad3c948f4d605d) (ScriptedImporter) -> (artifact id: '909c480a71732bfe9aab79931019abcf') in 0.029955599 seconds
Number of updated asset objects reloaded before import = 0Number of asset objects unloaded after import = 1

========================================================================
Received Import Request.
  Time since last request: 0.000082 seconds.
  path: Assets/Medieval Combat Sounds/Shields/Shield Metal 1_4.wav
  artifactKey: Guid(e517eb5b083bfbd42b3efa258c5f3196) Importer(2089858483,b0f066a214c2f5e87bad3c948f4d605d)
Start importing Assets/Medieval Combat Sounds/Shields/Shield Metal 1_4.wav using Guid(e517eb5b083bfbd42b3efa258c5f3196) Importer(2089858483,b0f066a214c2f5e87bad3c948f4d605d) (ScriptedImporter) -> (artifact id: 'c7d070acadc2988e8fdf02f52f6abe9f') in 0.028991764 seconds
Number of updated asset objects reloaded before import = 0Number of asset objects unloaded after import = 1

========================================================================
Received Import Request.
  Time since last request: 0.000142 seconds.
  path: Assets/Medieval Combat Sounds/Swings and Whoosh/Sword Swing 4_1.wav
  artifactKey: Guid(511d9df9ac7786e4d99bed5812a98685) Importer(2089858483,b0f066a214c2f5e87bad3c948f4d605d)
Start importing Assets/Medieval Combat Sounds/Swings and Whoosh/Sword Swing 4_1.wav using Guid(511d9df9ac7786e4d99bed5812a98685) Importer(2089858483,b0f066a214c2f5e87bad3c948f4d605d) (ScriptedImporter) -> (artifact id: '2e7025a1049a8eab5b7316bcdccbc50a') in 0.032451861 seconds
Number of updated asset objects reloaded before import = 0Number of asset objects unloaded after import = 1

========================================================================
Received Import Request.
  Time since last request: 0.000107 seconds.
  path: Assets/Medieval Combat Sounds/Swings and Whoosh/Sword Swing 5_1.wav
  artifactKey: Guid(a3e3488be17b29b4493e613e5e33b1eb) Importer(2089858483,b0f066a214c2f5e87bad3c948f4d605d)
Start importing Assets/Medieval Combat Sounds/Swings and Whoosh/Sword Swing 5_1.wav using Guid(a3e3488be17b29b4493e613e5e33b1eb) Importer(2089858483,b0f066a214c2f5e87bad3c948f4d605d) (ScriptedImporter) -> (artifact id: 'c2cda780784ac6918b1e4fbe797a758a') in 0.031214658 seconds
Number of updated asset objects reloaded before import = 0Number of asset objects unloaded after import = 1

========================================================================
Received Import Request.
  Time since last request: 0.000059 seconds.
  path: Assets/Medieval Combat Sounds/Swings and Whoosh/Sword Swing 2_2.wav
  artifactKey: Guid(f8e9b1d6ca249d94280858422705fdac) Importer(2089858483,b0f066a214c2f5e87bad3c948f4d605d)
Start importing Assets/Medieval Combat Sounds/Swings and Whoosh/Sword Swing 2_2.wav using Guid(f8e9b1d6ca249d94280858422705fdac) Importer(2089858483,b0f066a214c2f5e87bad3c948f4d605d) (ScriptedImporter) -> (artifact id: 'ca8a338f9351de53f73a93df1fbb2b79') in 0.029049282 seconds
Number of updated asset objects reloaded before import = 0Number of asset objects unloaded after import = 1

========================================================================
Received Import Request.
  Time since last request: 0.000065 seconds.
  path: Assets/Medieval Combat Sounds/Shields/Shield Wood 3_3.wav
  artifactKey: Guid(8c089b1dbeb8c5d4c9eb3c73031dc334) Importer(2089858483,b0f066a214c2f5e87bad3c948f4d605d)
Start importing Assets/Medieval Combat Sounds/Shields/Shield Wood 3_3.wav using Guid(8c089b1dbeb8c5d4c9eb3c73031dc334) Importer(2089858483,b0f066a214c2f5e87bad3c948f4d605d) (ScriptedImporter) -> (artifact id: '1ea9e08f0e1b5909c7d28891bc2928d6') in 0.026737581 seconds
Number of updated asset objects reloaded before import = 0Number of asset objects unloaded after import = 1

========================================================================
Received Import Request.
  Time since last request: 0.000120 seconds.
  path: Assets/Medieval Combat Sounds/Swings and Whoosh/Sword Swing 9_1.wav
  artifactKey: Guid(59234b883e8d8b044b2b81bd070c99c4) Importer(2089858483,b0f066a214c2f5e87bad3c948f4d605d)
Start importing Assets/Medieval Combat Sounds/Swings and Whoosh/Sword Swing 9_1.wav using Guid(59234b883e8d8b044b2b81bd070c99c4) Importer(2089858483,b0f066a214c2f5e87bad3c948f4d605d) (ScriptedImporter) -> (artifact id: '192ac79a37bef0a4fbe07b11e556c96e') in 0.029796633 seconds
Number of updated asset objects reloaded before import = 0Number of asset objects unloaded after import = 1

========================================================================
Received Import Request.
  Time since last request: 0.000111 seconds.
  path: Assets/Medieval Combat Sounds/Shields/Shield Wood 2_1.wav
  artifactKey: Guid(9aba7a972d5009045ab457fe3ddb7814) Importer(2089858483,b0f066a214c2f5e87bad3c948f4d605d)
Start importing Assets/Medieval Combat Sounds/Shields/Shield Wood 2_1.wav using Guid(9aba7a972d5009045ab457fe3ddb7814) Importer(2089858483,b0f066a214c2f5e87bad3c948f4d605d) (ScriptedImporter) -> (artifact id: '539d6a9d6284f9b4178a35de233ae56d') in 0.026572736 seconds
Number of updated asset objects reloaded before import = 0Number of asset objects unloaded after import = 1

========================================================================
Received Import Request.
  Time since last request: 0.000065 seconds.
  path: Assets/Medieval Combat Sounds/Swings and Whoosh/Whoosh 1_4.wav
  artifactKey: Guid(69d472c2b702c414cbff496887e3e06d) Importer(2089858483,b0f066a214c2f5e87bad3c948f4d605d)
Start importing Assets/Medieval Combat Sounds/Swings and Whoosh/Whoosh 1_4.wav using Guid(69d472c2b702c414cbff496887e3e06d) Importer(2089858483,b0f066a214c2f5e87bad3c948f4d605d) (ScriptedImporter) -> (artifact id: '8ba09199bb232b71b6f6771b292b3424') in 0.027153451 seconds
Number of updated asset objects reloaded before import = 0Number of asset objects unloaded after import = 1

========================================================================
Received Import Request.
  Time since last request: 0.000059 seconds.
  path: Assets/Medieval Combat Sounds/Magic/Magic Holy 02.wav
  artifactKey: Guid(11bba288b79b2414eaabad2ba8e6e487) Importer(2089858483,b0f066a214c2f5e87bad3c948f4d605d)
Start importing Assets/Medieval Combat Sounds/Magic/Magic Holy 02.wav using Guid(11bba288b79b2414eaabad2ba8e6e487) Importer(2089858483,b0f066a214c2f5e87bad3c948f4d605d) (ScriptedImporter) -> (artifact id: '01542d04c799e4569df2a06cf2515ae6') in 0.044400777 seconds
Number of updated asset objects reloaded before import = 0Number of asset objects unloaded after import = 1

========================================================================
Received Import Request.
  Time since last request: 0.085522 seconds.
  path: Assets/Medieval Combat Sounds/Weapons/Arrow Hit Stone 2_3.wav
  artifactKey: Guid(614ff893d6490ba48a5dcc569f28d757) Importer(2089858483,b0f066a214c2f5e87bad3c948f4d605d)
Start importing Assets/Medieval Combat Sounds/Weapons/Arrow Hit Stone 2_3.wav using Guid(614ff893d6490ba48a5dcc569f28d757) Importer(2089858483,b0f066a214c2f5e87bad3c948f4d605d) (ScriptedImporter) -> (artifact id: '28747ef06ac9daa34167a5f1da98b4ad') in 0.031444985 seconds
Number of updated asset objects reloaded before import = 0Number of asset objects unloaded after import = 1

========================================================================
Received Import Request.
  Time since last request: 0.000072 seconds.
  path: Assets/Medieval Combat Sounds/Weapons/Metal Weapon Hit Stone 2_3.wav
  artifactKey: Guid(0eccc4d8cb421a94aab28e3595724833) Importer(2089858483,b0f066a214c2f5e87bad3c948f4d605d)
Start importing Assets/Medieval Combat Sounds/Weapons/Metal Weapon Hit Stone 2_3.wav using Guid(0eccc4d8cb421a94aab28e3595724833) Importer(2089858483,b0f066a214c2f5e87bad3c948f4d605d) (ScriptedImporter) -> (artifact id: '6c76608d783185eb4af2a9a0df939401') in 0.03476514 seconds
Number of updated asset objects reloaded before import = 0Number of asset objects unloaded after import = 1

========================================================================
Received Import Request.
  Time since last request: 0.000141 seconds.
  path: Assets/Medieval Combat Sounds/Weapons/Metal Weapon Hit Metal 5_4.wav
  artifactKey: Guid(5aa8688b6ef07dd4d9131a7c22653b91) Importer(2089858483,b0f066a214c2f5e87bad3c948f4d605d)
Start importing Assets/Medieval Combat Sounds/Weapons/Metal Weapon Hit Metal 5_4.wav using Guid(5aa8688b6ef07dd4d9131a7c22653b91) Importer(2089858483,b0f066a214c2f5e87bad3c948f4d605d) (ScriptedImporter) -> (artifact id: 'dabbc4a99c1f22c892cac6fe03d875de') in 0.031928186 seconds
Number of updated asset objects reloaded before import = 0Number of asset objects unloaded after import = 1

========================================================================
Received Import Request.
  Time since last request: 0.000148 seconds.
  path: Assets/Medieval Combat Sounds/Weapons/Metal Weapon Hit Metal 4_4.wav
  artifactKey: Guid(7a01abe4843f9ff44a25176eed2b27f5) Importer(2089858483,b0f066a214c2f5e87bad3c948f4d605d)
Start importing Assets/Medieval Combat Sounds/Weapons/Metal Weapon Hit Metal 4_4.wav using Guid(7a01abe4843f9ff44a25176eed2b27f5) Importer(2089858483,b0f066a214c2f5e87bad3c948f4d605d) (ScriptedImporter) -> (artifact id: '7c3a54321a2c81047985aa19b67e6a39') in 0.032246824 seconds
Number of updated asset objects reloaded before import = 0Number of asset objects unloaded after import = 1

========================================================================
Received Import Request.
  Time since last request: 0.000061 seconds.
  path: Assets/Medieval Combat Sounds/Weapons/Bow Draw 1_5.wav
  artifactKey: Guid(be5b9e6ec8412fd4ab5a65f91cdcb331) Importer(2089858483,b0f066a214c2f5e87bad3c948f4d605d)
Start importing Assets/Medieval Combat Sounds/Weapons/Bow Draw 1_5.wav using Guid(be5b9e6ec8412fd4ab5a65f91cdcb331) Importer(2089858483,b0f066a214c2f5e87bad3c948f4d605d) (ScriptedImporter) -> (artifact id: 'aca738bf91ee5f89ffa586d11c190760') in 0.028767676 seconds
Number of updated asset objects reloaded before import = 0Number of asset objects unloaded after import = 1

========================================================================
Received Import Request.
  Time since last request: 0.000073 seconds.
  path: Assets/Medieval Combat Sounds/Weapons/Metal Weapon Hit Wood 1_2.wav
  artifactKey: Guid(942f6fdcfa2ba6a409a935d74402a5d4) Importer(2089858483,b0f066a214c2f5e87bad3c948f4d605d)
Start importing Assets/Medieval Combat Sounds/Weapons/Metal Weapon Hit Wood 1_2.wav using Guid(942f6fdcfa2ba6a409a935d74402a5d4) Importer(2089858483,b0f066a214c2f5e87bad3c948f4d605d) (ScriptedImporter) -> (artifact id: '41c0284d4565007b2e94a7493e7961ac') in 0.031168882 seconds
Number of updated asset objects reloaded before import = 0Number of asset objects unloaded after import = 1

========================================================================
Received Import Request.
  Time since last request: 0.000054 seconds.
  path: Assets/Medieval Combat Sounds/Weapons/Metal Weapon Hit Metal 2_4.wav
  artifactKey: Guid(07f61f3168b434f40a2856698e87684b) Importer(2089858483,b0f066a214c2f5e87bad3c948f4d605d)
Start importing Assets/Medieval Combat Sounds/Weapons/Metal Weapon Hit Metal 2_4.wav using Guid(07f61f3168b434f40a2856698e87684b) Importer(2089858483,b0f066a214c2f5e87bad3c948f4d605d) (ScriptedImporter) -> (artifact id: '88bc150b17bcdb88bd4a8828560fe0ad') in 0.026070194 seconds
Number of updated asset objects reloaded before import = 0Number of asset objects unloaded after import = 1

========================================================================
Received Import Request.
  Time since last request: 0.000103 seconds.
  path: Assets/Medieval Combat Sounds/Weapons/Metal Weapon Hit Metal 5_3.wav
  artifactKey: Guid(b9e5336a24ae4e6438b8b10d909b8670) Importer(2089858483,b0f066a214c2f5e87bad3c948f4d605d)
Start importing Assets/Medieval Combat Sounds/Weapons/Metal Weapon Hit Metal 5_3.wav using Guid(b9e5336a24ae4e6438b8b10d909b8670) Importer(2089858483,b0f066a214c2f5e87bad3c948f4d605d) (ScriptedImporter) -> (artifact id: '2cd631d994f22c1b278df8df33a3b5fc') in 0.028386124 seconds
Number of updated asset objects reloaded before import = 0Number of asset objects unloaded after import = 1

========================================================================
Received Import Request.
  Time since last request: 0.000048 seconds.
  path: Assets/Medieval Combat Sounds/Weapons/Metal Weapon Hit Metal 6_2.wav
  artifactKey: Guid(4190e6cd83e102144b02170796aa4d0c) Importer(2089858483,b0f066a214c2f5e87bad3c948f4d605d)
Start importing Assets/Medieval Combat Sounds/Weapons/Metal Weapon Hit Metal 6_2.wav using Guid(4190e6cd83e102144b02170796aa4d0c) Importer(2089858483,b0f066a214c2f5e87bad3c948f4d605d) (ScriptedImporter) -> (artifact id: '7dae073bbd437b908cc81c4488e561ae') in 0.028842192 seconds
Number of updated asset objects reloaded before import = 0Number of asset objects unloaded after import = 1

========================================================================
Received Import Request.
  Time since last request: 0.000070 seconds.
  path: Assets/Medieval Combat Sounds/Weapons/Arrow Hit Wood 2_5.wav
  artifactKey: Guid(0f283fdd459b28c40b9be938cdc61886) Importer(2089858483,b0f066a214c2f5e87bad3c948f4d605d)
Start importing Assets/Medieval Combat Sounds/Weapons/Arrow Hit Wood 2_5.wav using Guid(0f283fdd459b28c40b9be938cdc61886) Importer(2089858483,b0f066a214c2f5e87bad3c948f4d605d) (ScriptedImporter) -> (artifact id: '3c5281ce3a7c2b2bdc58e60d66b83e60') in 0.029829154 seconds
Number of updated asset objects reloaded before import = 0Number of asset objects unloaded after import = 1

========================================================================
Received Import Request.
  Time since last request: 0.000067 seconds.
  path: Assets/Medieval Combat Sounds/Weapons/Metal Weapon Hit Stone 2_2.wav
  artifactKey: Guid(bbfe9b35b194535438fbcefaa9705bc1) Importer(2089858483,b0f066a214c2f5e87bad3c948f4d605d)
Start importing Assets/Medieval Combat Sounds/Weapons/Metal Weapon Hit Stone 2_2.wav using Guid(bbfe9b35b194535438fbcefaa9705bc1) Importer(2089858483,b0f066a214c2f5e87bad3c948f4d605d) (ScriptedImporter) -> (artifact id: '993a1796642d0f400d6ef55e6124ddfa') in 0.028814174 seconds
Number of updated asset objects reloaded before import = 0Number of asset objects unloaded after import = 1

========================================================================
Received Import Request.
  Time since last request: 0.000079 seconds.
  path: Assets/Medieval Combat Sounds/Weapons/Blunt Weapon 2_1.wav
  artifactKey: Guid(80a7cb62d264da143a8241db85a0f913) Importer(2089858483,b0f066a214c2f5e87bad3c948f4d605d)
Start importing Assets/Medieval Combat Sounds/Weapons/Blunt Weapon 2_1.wav using Guid(80a7cb62d264da143a8241db85a0f913) Importer(2089858483,b0f066a214c2f5e87bad3c948f4d605d) (ScriptedImporter) -> (artifact id: '051ef350a238edd079b69aabf2d6a598') in 0.027661927 seconds
Number of updated asset objects reloaded before import = 0Number of asset objects unloaded after import = 1

========================================================================
Received Import Request.
  Time since last request: 0.000081 seconds.
  path: Assets/Medieval Combat Sounds/Weapons/Bow Draw 3_5.wav
  artifactKey: Guid(0d8bb50c22dc35f43885a93edbbc4001) Importer(2089858483,b0f066a214c2f5e87bad3c948f4d605d)
Start importing Assets/Medieval Combat Sounds/Weapons/Bow Draw 3_5.wav using Guid(0d8bb50c22dc35f43885a93edbbc4001) Importer(2089858483,b0f066a214c2f5e87bad3c948f4d605d) (ScriptedImporter) -> (artifact id: 'e2e34bd60807b57aa01637c0fd779899') in 0.032602174 seconds
Number of updated asset objects reloaded before import = 0Number of asset objects unloaded after import = 1

========================================================================
Received Import Request.
  Time since last request: 0.000127 seconds.
  path: Assets/Medieval Combat Sounds/Weapons/Blunt Weapon 5_4.wav
  artifactKey: Guid(45bd0ab141f5df046beb06a02e70da33) Importer(2089858483,b0f066a214c2f5e87bad3c948f4d605d)
Start importing Assets/Medieval Combat Sounds/Weapons/Blunt Weapon 5_4.wav using Guid(45bd0ab141f5df046beb06a02e70da33) Importer(2089858483,b0f066a214c2f5e87bad3c948f4d605d) (ScriptedImporter) -> (artifact id: '24cb0b964515ec312ca1333499e7043b') in 0.02779599 seconds
Number of updated asset objects reloaded before import = 0Number of asset objects unloaded after import = 1

========================================================================
Received Import Request.
  Time since last request: 0.000083 seconds.
  path: Assets/Medieval Combat Sounds/Weapons/Arrow Hit Wood 1_2.wav
  artifactKey: Guid(26e3b78c120e7994d91393fcfd8b61b2) Importer(2089858483,b0f066a214c2f5e87bad3c948f4d605d)
Start importing Assets/Medieval Combat Sounds/Weapons/Arrow Hit Wood 1_2.wav using Guid(26e3b78c120e7994d91393fcfd8b61b2) Importer(2089858483,b0f066a214c2f5e87bad3c948f4d605d) (ScriptedImporter) -> (artifact id: '5c7f15109dfdd90a2e72723cffc0e2f6') in 0.025162993 seconds
Number of updated asset objects reloaded before import = 0Number of asset objects unloaded after import = 1

========================================================================
Received Import Request.
  Time since last request: 0.000163 seconds.
  path: Assets/Medieval Combat Sounds/Weapons/Metal Weapon Hit Stone 3_2.wav
  artifactKey: Guid(8c84b687b54804449933651ad0713c9b) Importer(2089858483,b0f066a214c2f5e87bad3c948f4d605d)
Start importing Assets/Medieval Combat Sounds/Weapons/Metal Weapon Hit Stone 3_2.wav using Guid(8c84b687b54804449933651ad0713c9b) Importer(2089858483,b0f066a214c2f5e87bad3c948f4d605d) (ScriptedImporter) -> (artifact id: '019b357612da35d77c84daf5a8629d57') in 0.033617727 seconds
Number of updated asset objects reloaded before import = 0Number of asset objects unloaded after import = 1

========================================================================
Received Import Request.
  Time since last request: 0.000107 seconds.
  path: Assets/Medieval Combat Sounds/Weapons/Metal Weapon Hit Metal 2_5.wav
  artifactKey: Guid(a236d8aa1d917934d9debc5225245c5c) Importer(2089858483,b0f066a214c2f5e87bad3c948f4d605d)
Start importing Assets/Medieval Combat Sounds/Weapons/Metal Weapon Hit Metal 2_5.wav using Guid(a236d8aa1d917934d9debc5225245c5c) Importer(2089858483,b0f066a214c2f5e87bad3c948f4d605d) (ScriptedImporter) -> (artifact id: '2a0ba16929ce3606bb14d8ab835851a1') in 0.030392641 seconds
Number of updated asset objects reloaded before import = 0Number of asset objects unloaded after import = 1

========================================================================
Received Import Request.
  Time since last request: 0.000077 seconds.
  path: Assets/Medieval Combat Sounds/Weapons/Blunt Weapon 3_3.wav
  artifactKey: Guid(38a9b527ffdb63f4f8008a553f80db9e) Importer(2089858483,b0f066a214c2f5e87bad3c948f4d605d)
Start importing Assets/Medieval Combat Sounds/Weapons/Blunt Weapon 3_3.wav using Guid(38a9b527ffdb63f4f8008a553f80db9e) Importer(2089858483,b0f066a214c2f5e87bad3c948f4d605d) (ScriptedImporter) -> (artifact id: '3a9caede750160a65531b77275682074') in 0.032718986 seconds
Number of updated asset objects reloaded before import = 0Number of asset objects unloaded after import = 1

========================================================================
Received Import Request.
  Time since last request: 0.000063 seconds.
  path: Assets/Medieval Combat Sounds/Weapons/Bow Handle 4_2.wav
  artifactKey: Guid(6c49fd65c974d2746a882e864ddce7a4) Importer(2089858483,b0f066a214c2f5e87bad3c948f4d605d)
Start importing Assets/Medieval Combat Sounds/Weapons/Bow Handle 4_2.wav using Guid(6c49fd65c974d2746a882e864ddce7a4) Importer(2089858483,b0f066a214c2f5e87bad3c948f4d605d) (ScriptedImporter) -> (artifact id: '5cf23455e84a35fd3a163f1b644207d1') in 0.02686822 seconds
Number of updated asset objects reloaded before import = 0Number of asset objects unloaded after import = 1

========================================================================
Received Import Request.
  Time since last request: 0.000146 seconds.
  path: Assets/Medieval Combat Sounds/Weapons/Arrow Hit Wood 1_4.wav
  artifactKey: Guid(d830abbcd5a64a04eb434d8d97a81cb0) Importer(2089858483,b0f066a214c2f5e87bad3c948f4d605d)
Start importing Assets/Medieval Combat Sounds/Weapons/Arrow Hit Wood 1_4.wav using Guid(d830abbcd5a64a04eb434d8d97a81cb0) Importer(2089858483,b0f066a214c2f5e87bad3c948f4d605d) (ScriptedImporter) -> (artifact id: '8ad929de6af197a512b001e3f862a532') in 0.029920456 seconds
Number of updated asset objects reloaded before import = 0Number of asset objects unloaded after import = 1

========================================================================
Received Import Request.
  Time since last request: 0.000116 seconds.
  path: Assets/Medieval Combat Sounds/Weapons/Metal Weapon Hit Stone 1_2.wav
  artifactKey: Guid(025025ec6b077f34f9c6f7b837f5a1bb) Importer(2089858483,b0f066a214c2f5e87bad3c948f4d605d)
Start importing Assets/Medieval Combat Sounds/Weapons/Metal Weapon Hit Stone 1_2.wav using Guid(025025ec6b077f34f9c6f7b837f5a1bb) Importer(2089858483,b0f066a214c2f5e87bad3c948f4d605d) (ScriptedImporter) -> (artifact id: 'e2138fdf6850b398591a7f5ad1b8dd92') in 0.033484362 seconds
Number of updated asset objects reloaded before import = 0Number of asset objects unloaded after import = 1

========================================================================
Received Import Request.
  Time since last request: 0.000089 seconds.
  path: Assets/Medieval Combat Sounds/Weapons/Arrow Hit Wood 2_2.wav
  artifactKey: Guid(7b32c5255f2aea34dbb253a54d785a81) Importer(2089858483,b0f066a214c2f5e87bad3c948f4d605d)
Start importing Assets/Medieval Combat Sounds/Weapons/Arrow Hit Wood 2_2.wav using Guid(7b32c5255f2aea34dbb253a54d785a81) Importer(2089858483,b0f066a214c2f5e87bad3c948f4d605d) (ScriptedImporter) -> (artifact id: '2aadfa57306de05e38e6d93a3cc6b41a') in 0.03179326 seconds
Number of updated asset objects reloaded before import = 0Number of asset objects unloaded after import = 1

========================================================================
Received Import Request.
  Time since last request: 0.000071 seconds.
  path: Assets/Medieval Combat Sounds/Weapons/Metal Weapon Hit Metal 1_4.wav
  artifactKey: Guid(2be76b5d8d1746e43982774817f167bb) Importer(2089858483,b0f066a214c2f5e87bad3c948f4d605d)
Start importing Assets/Medieval Combat Sounds/Weapons/Metal Weapon Hit Metal 1_4.wav using Guid(2be76b5d8d1746e43982774817f167bb) Importer(2089858483,b0f066a214c2f5e87bad3c948f4d605d) (ScriptedImporter) -> (artifact id: '748a1f73bfe1d7e4037124d45adf563d') in 0.027439828 seconds
Number of updated asset objects reloaded before import = 0Number of asset objects unloaded after import = 1

========================================================================
Received Import Request.
  Time since last request: 0.000164 seconds.
  path: Assets/Medieval Combat Sounds/Weapons/Metal Weapon Hit Stone 1_3.wav
  artifactKey: Guid(28b2ee05d871e274fa8de236a0ba0e20) Importer(2089858483,b0f066a214c2f5e87bad3c948f4d605d)
Start importing Assets/Medieval Combat Sounds/Weapons/Metal Weapon Hit Stone 1_3.wav using Guid(28b2ee05d871e274fa8de236a0ba0e20) Importer(2089858483,b0f066a214c2f5e87bad3c948f4d605d) (ScriptedImporter) -> (artifact id: 'd8417d99fac5c6bbac299c14b0bf892a') in 0.0364234 seconds
Number of updated asset objects reloaded before import = 0Number of asset objects unloaded after import = 1

========================================================================
Received Import Request.
  Time since last request: 0.000085 seconds.
  path: Assets/Medieval Combat Sounds/Weapons/Bow Handle 3_3.wav
  artifactKey: Guid(9e495e71f48fff241a908e8bebdba42b) Importer(2089858483,b0f066a214c2f5e87bad3c948f4d605d)
Start importing Assets/Medieval Combat Sounds/Weapons/Bow Handle 3_3.wav using Guid(9e495e71f48fff241a908e8bebdba42b) Importer(2089858483,b0f066a214c2f5e87bad3c948f4d605d) (ScriptedImporter) -> (artifact id: 'd42e3848f2e26289fd7639f9d13f346d') in 0.028660188 seconds
Number of updated asset objects reloaded before import = 0Number of asset objects unloaded after import = 1

========================================================================
Received Import Request.
  Time since last request: 0.000082 seconds.
  path: Assets/Medieval Combat Sounds/Weapons/Bow Handle 2_2.wav
  artifactKey: Guid(5ef1c94411ddc214f97e10473c9460ef) Importer(2089858483,b0f066a214c2f5e87bad3c948f4d605d)
Start importing Assets/Medieval Combat Sounds/Weapons/Bow Handle 2_2.wav using Guid(5ef1c94411ddc214f97e10473c9460ef) Importer(2089858483,b0f066a214c2f5e87bad3c948f4d605d) (ScriptedImporter) -> (artifact id: '53a3539af3a7b9240b23a2e72843f058') in 0.03097509 seconds
Number of updated asset objects reloaded before import = 0Number of asset objects unloaded after import = 1

========================================================================
Received Import Request.
  Time since last request: 0.000098 seconds.
  path: Assets/Medieval Combat Sounds/Weapons/Bow Handle 2_3.wav
  artifactKey: Guid(a6c6d47a730af7f42b44520bef874d0d) Importer(2089858483,b0f066a214c2f5e87bad3c948f4d605d)
Start importing Assets/Medieval Combat Sounds/Weapons/Bow Handle 2_3.wav using Guid(a6c6d47a730af7f42b44520bef874d0d) Importer(2089858483,b0f066a214c2f5e87bad3c948f4d605d) (ScriptedImporter) -> (artifact id: '9d6a11eb318bc57db8f908ee23b46116') in 0.029974411 seconds
Number of updated asset objects reloaded before import = 0Number of asset objects unloaded after import = 1

========================================================================
Received Import Request.
  Time since last request: 0.000069 seconds.
  path: Assets/Medieval Combat Sounds/Weapons/Metal Weapon Hit Metal 1_1.wav
  artifactKey: Guid(b6c393d275ec3a54896db3987fa3c8df) Importer(2089858483,b0f066a214c2f5e87bad3c948f4d605d)
Start importing Assets/Medieval Combat Sounds/Weapons/Metal Weapon Hit Metal 1_1.wav using Guid(b6c393d275ec3a54896db3987fa3c8df) Importer(2089858483,b0f066a214c2f5e87bad3c948f4d605d) (ScriptedImporter) -> (artifact id: 'ba1b9e6473d1038a68ce73880634bc6c') in 0.0379021 seconds
Number of updated asset objects reloaded before import = 0Number of asset objects unloaded after import = 1

========================================================================
Received Import Request.
  Time since last request: 0.000093 seconds.
  path: Assets/Medieval Combat Sounds/Weapons/Metal Weapon Hit Metal 3_4.wav
  artifactKey: Guid(4afed51ac96cfb94c936cc4a132e68b5) Importer(2089858483,b0f066a214c2f5e87bad3c948f4d605d)
Start importing Assets/Medieval Combat Sounds/Weapons/Metal Weapon Hit Metal 3_4.wav using Guid(4afed51ac96cfb94c936cc4a132e68b5) Importer(2089858483,b0f066a214c2f5e87bad3c948f4d605d) (ScriptedImporter) -> (artifact id: 'adcc50e9f15265bec340fc34a5c832c8') in 0.036951738 seconds
Number of updated asset objects reloaded before import = 0Number of asset objects unloaded after import = 1

========================================================================
Received Import Request.
  Time since last request: 0.000061 seconds.
  path: Assets/Medieval Combat Sounds/Weapons/Bow Handle 1_3.wav
  artifactKey: Guid(b51f20a606e87224cbe5fc0e3420f2a2) Importer(2089858483,b0f066a214c2f5e87bad3c948f4d605d)
Start importing Assets/Medieval Combat Sounds/Weapons/Bow Handle 1_3.wav using Guid(b51f20a606e87224cbe5fc0e3420f2a2) Importer(2089858483,b0f066a214c2f5e87bad3c948f4d605d) (ScriptedImporter) -> (artifact id: 'c5eb275b37cc07cef5355442027a8064') in 0.029295444 seconds
Number of updated asset objects reloaded before import = 0Number of asset objects unloaded after import = 1

========================================================================
Received Import Request.
  Time since last request: 0.000079 seconds.
  path: Assets/Medieval Combat Sounds/Weapons/Blunt Weapon 5_3.wav
  artifactKey: Guid(0d1bcc570dbc5224eae285f5a7f1b7bc) Importer(2089858483,b0f066a214c2f5e87bad3c948f4d605d)
Start importing Assets/Medieval Combat Sounds/Weapons/Blunt Weapon 5_3.wav using Guid(0d1bcc570dbc5224eae285f5a7f1b7bc) Importer(2089858483,b0f066a214c2f5e87bad3c948f4d605d) (ScriptedImporter) -> (artifact id: '4146cdd77562fd31ce4376869e8c6fb7') in 0.031565958 seconds
Number of updated asset objects reloaded before import = 0Number of asset objects unloaded after import = 1

========================================================================
Received Import Request.
  Time since last request: 0.000083 seconds.
  path: Assets/Medieval Combat Sounds/Weapons/Blunt Weapon 2_5.wav
  artifactKey: Guid(3a7e0e4f9c0c823489c194b3e767ab2f) Importer(2089858483,b0f066a214c2f5e87bad3c948f4d605d)
Start importing Assets/Medieval Combat Sounds/Weapons/Blunt Weapon 2_5.wav using Guid(3a7e0e4f9c0c823489c194b3e767ab2f) Importer(2089858483,b0f066a214c2f5e87bad3c948f4d605d) (ScriptedImporter) -> (artifact id: 'a9587cc69c458e5f1161ae7a404f86b5') in 0.027516946 seconds
Number of updated asset objects reloaded before import = 0Number of asset objects unloaded after import = 1

========================================================================
Received Import Request.
  Time since last request: 0.000073 seconds.
  path: Assets/Medieval Combat Sounds/Weapons/Bow Draw 4_3.wav
  artifactKey: Guid(dd2e06967335aa14c85f7f6ee90d8b2b) Importer(2089858483,b0f066a214c2f5e87bad3c948f4d605d)
Start importing Assets/Medieval Combat Sounds/Weapons/Bow Draw 4_3.wav using Guid(dd2e06967335aa14c85f7f6ee90d8b2b) Importer(2089858483,b0f066a214c2f5e87bad3c948f4d605d) (ScriptedImporter) -> (artifact id: '09a645bda10507838a4e82193980ab40') in 0.029374972 seconds
Number of updated asset objects reloaded before import = 0Number of asset objects unloaded after import = 1

========================================================================
Received Import Request.
  Time since last request: 0.000100 seconds.
  path: Assets/Medieval Combat Sounds/Weapons/Blunt Weapon 3_1.wav
  artifactKey: Guid(129e16788e6fe9641aacc374a5ebd8d3) Importer(2089858483,b0f066a214c2f5e87bad3c948f4d605d)
Start importing Assets/Medieval Combat Sounds/Weapons/Blunt Weapon 3_1.wav using Guid(129e16788e6fe9641aacc374a5ebd8d3) Importer(2089858483,b0f066a214c2f5e87bad3c948f4d605d) (ScriptedImporter) -> (artifact id: '1aeaf685c10902bd89042dc14793465c') in 0.029768883 seconds
Number of updated asset objects reloaded before import = 0Number of asset objects unloaded after import = 1

========================================================================
Received Import Request.
  Time since last request: 0.000104 seconds.
  path: Assets/Medieval Combat Sounds/Weapons/Metal Weapon Hit Metal 1_5.wav
  artifactKey: Guid(f821dc18e22323b4692345c9c8465a66) Importer(2089858483,b0f066a214c2f5e87bad3c948f4d605d)
Start importing Assets/Medieval Combat Sounds/Weapons/Metal Weapon Hit Metal 1_5.wav using Guid(f821dc18e22323b4692345c9c8465a66) Importer(2089858483,b0f066a214c2f5e87bad3c948f4d605d) (ScriptedImporter) -> (artifact id: 'd6c7ccb046f5d2ae7c33fe44219f114a') in 0.026186248 seconds
Number of updated asset objects reloaded before import = 0Number of asset objects unloaded after import = 1

========================================================================
Received Import Request.
  Time since last request: 0.000076 seconds.
  path: Assets/Medieval Combat Sounds/Weapons/Arrow Hit Wood 1_3.wav
  artifactKey: Guid(5cdc0e2f6f7d117458b8cd64af5356f3) Importer(2089858483,b0f066a214c2f5e87bad3c948f4d605d)
Start importing Assets/Medieval Combat Sounds/Weapons/Arrow Hit Wood 1_3.wav using Guid(5cdc0e2f6f7d117458b8cd64af5356f3) Importer(2089858483,b0f066a214c2f5e87bad3c948f4d605d) (ScriptedImporter) -> (artifact id: '4b12991849564f2ea422a7978184224c') in 0.026685289 seconds
Number of updated asset objects reloaded before import = 0Number of asset objects unloaded after import = 1

========================================================================
Received Import Request.
  Time since last request: 0.000097 seconds.
  path: Assets/Medieval Combat Sounds/Weapons/Bow Handle 4_1.wav
  artifactKey: Guid(54a587867c38073428a81b90bc696a60) Importer(2089858483,b0f066a214c2f5e87bad3c948f4d605d)
Start importing Assets/Medieval Combat Sounds/Weapons/Bow Handle 4_1.wav using Guid(54a587867c38073428a81b90bc696a60) Importer(2089858483,b0f066a214c2f5e87bad3c948f4d605d) (ScriptedImporter) -> (artifact id: 'cc83cc1badc33721dd9108b6914999f5') in 0.044074569 seconds
Number of updated asset objects reloaded before import = 0Number of asset objects unloaded after import = 1

========================================================================
Received Import Request.
  Time since last request: 0.000179 seconds.
  path: Assets/Medieval Combat Sounds/Weapons/Blunt Weapon 5_2.wav
  artifactKey: Guid(0d5f38174ad309b4fbea0db9d58257e6) Importer(2089858483,b0f066a214c2f5e87bad3c948f4d605d)
Start importing Assets/Medieval Combat Sounds/Weapons/Blunt Weapon 5_2.wav using Guid(0d5f38174ad309b4fbea0db9d58257e6) Importer(2089858483,b0f066a214c2f5e87bad3c948f4d605d) (ScriptedImporter) -> (artifact id: 'ea0cb1a9d8a53c8d90031d47bfcc8395') in 0.025684621 seconds
Number of updated asset objects reloaded before import = 0Number of asset objects unloaded after import = 1

Editor requested this worker to shutdown with reason: Scaling down because of idle timeout
AssetImportWorker is now disconnected from the server
Process exiting
